<?xml version="1.0" encoding="UTF-8"?>
<!-- Generated by org.testng.reporters.JUnitReportReporter -->
<testsuite hostname="DESKTOP-DRB929D" failures="0" tests="6" name="Login.TestCase" time="3.481" errors="0" timestamp="2025-07-14T13:49:00 EET" skipped="0">
  <testcase classname="Login.TestCase" name="login" time="0.516"/>
  <testcase classname="Login.TestCase" name="addtocart" time="0.214"/>
  <testcase classname="Login.TestCase" name="RemoveFromCart" time="0.135"/>
  <testcase classname="Login.TestCase" name="AddAllItemsToTheCart" time="0.407"/>
  <testcase classname="Login.TestCase" name="cheickout" time="0.802"/>
  <testcase classname="Login.TestCase" name="logout" time="1.407"/>
</testsuite> <!-- Login.TestCase -->
